localStorage.tog
"0"
dom-dev-function.js:8 TITLE
dom-dev-function.js:35 Emperor Smith mobilizes Chun and Remo
dom-dev-function.js:8 AQUAMAN
dom-dev-function.js:35 Call the Sherrif to vet: AQUAMAN
dom-dev-function.js:8 BRUCE
dom-dev-function.js:35 Because...I'M BATMAN!
dom-dev-function.js:8 CLARK
dom-dev-function.js:35 Up, up, and away!
dom-dev-function.js:8 HALJORDAN
dom-dev-function.js:35 Call the Sherrif to vet: HALJORDAN
dom-dev-function.js:8 CLARK
dom-dev-function.js:35 Up, up, and away!
dom-dev-function.js:8 TITLE
dom-dev-function.js:35 Have no fear the man of bronze is here!
dom-dev-function.js:8 DIANA
dom-dev-function.js:35 WonderWoman firmly 'restrains' Harley Quinn with a 'rope trick'
localStorage.tog
"2"
